<?xml version="1.0" encoding="UTF-8"?>
<testsuite xmlns:xsi="http://www.w3.org/2001/XMLSchema-instance" xsi:noNamespaceSchemaLocation="https://maven.apache.org/surefire/maven-surefire-plugin/xsd/surefire-test-report-3.0.xsd" version="3.0" name="TestSuite" time="0.553" tests="15" errors="0" skipped="13" failures="2">
  <properties>
    <property name="java.specification.version" value="25"/>
    <property name="sun.cpu.isalist" value="amd64"/>
    <property name="sun.jnu.encoding" value="Cp1252"/>
    <property name="java.class.path" value="C:\Users\KranthiKumarCharyChe\Downloads\restassured-api-framework-main\restassured-api-framework-main\target\test-classes;C:\Users\KranthiKumarCharyChe\Downloads\restassured-api-framework-main\restassured-api-framework-main\target\classes;C:\Users\KranthiKumarCharyChe\.m2\repository\io\rest-assured\rest-assured\5.4.0\rest-assured-5.4.0.jar;C:\Users\KranthiKumarCharyChe\.m2\repository\org\apache\groovy\groovy\4.0.16\groovy-4.0.16.jar;C:\Users\KranthiKumarCharyChe\.m2\repository\org\apache\groovy\groovy-xml\4.0.16\groovy-xml-4.0.16.jar;C:\Users\KranthiKumarCharyChe\.m2\repository\org\apache\httpcomponents\httpclient\4.5.13\httpclient-4.5.13.jar;C:\Users\KranthiKumarCharyChe\.m2\repository\org\apache\httpcomponents\httpcore\4.4.13\httpcore-4.4.13.jar;C:\Users\KranthiKumarCharyChe\.m2\repository\commons-logging\commons-logging\1.2\commons-logging-1.2.jar;C:\Users\KranthiKumarCharyChe\.m2\repository\commons-codec\commons-codec\1.11\commons-codec-1.11.jar;C:\Users\KranthiKumarCharyChe\.m2\repository\org\apache\httpcomponents\httpmime\4.5.13\httpmime-4.5.13.jar;C:\Users\KranthiKumarCharyChe\.m2\repository\org\ccil\cowan\tagsoup\tagsoup\1.2.1\tagsoup-1.2.1.jar;C:\Users\KranthiKumarCharyChe\.m2\repository\io\rest-assured\json-path\5.4.0\json-path-5.4.0.jar;C:\Users\KranthiKumarCharyChe\.m2\repository\org\apache\groovy\groovy-json\4.0.16\groovy-json-4.0.16.jar;C:\Users\KranthiKumarCharyChe\.m2\repository\io\rest-assured\rest-assured-common\5.4.0\rest-assured-common-5.4.0.jar;C:\Users\KranthiKumarCharyChe\.m2\repository\io\rest-assured\xml-path\5.4.0\xml-path-5.4.0.jar;C:\Users\KranthiKumarCharyChe\.m2\repository\org\apache\commons\commons-lang3\3.11\commons-lang3-3.11.jar;C:\Users\KranthiKumarCharyChe\.m2\repository\org\testng\testng\7.7.1\testng-7.7.1.jar;C:\Users\KranthiKumarCharyChe\.m2\repository\org\slf4j\slf4j-api\1.7.36\slf4j-api-1.7.36.jar;C:\Users\KranthiKumarCharyChe\.m2\repository\com\beust\jcommander\1.82\jcommander-1.82.jar;C:\Users\KranthiKumarCharyChe\.m2\repository\org\webjars\jquery\3.6.1\jquery-3.6.1.jar;C:\Users\KranthiKumarCharyChe\.m2\repository\io\qameta\allure\allure-testng\2.24.0\allure-testng-2.24.0.jar;C:\Users\KranthiKumarCharyChe\.m2\repository\io\qameta\allure\allure-java-commons\2.24.0\allure-java-commons-2.24.0.jar;C:\Users\KranthiKumarCharyChe\.m2\repository\io\qameta\allure\allure-model\2.24.0\allure-model-2.24.0.jar;C:\Users\KranthiKumarCharyChe\.m2\repository\io\qameta\allure\allure-test-filter\2.24.0\allure-test-filter-2.24.0.jar;C:\Users\KranthiKumarCharyChe\.m2\repository\org\hamcrest\hamcrest\2.2\hamcrest-2.2.jar;"/>
    <property name="java.vm.vendor" value="Eclipse Adoptium"/>
    <property name="sun.arch.data.model" value="64"/>
    <property name="user.variant" value=""/>
    <property name="java.vendor.url" value="https://adoptium.net/"/>
    <property name="user.timezone" value="America/Edmonton"/>
    <property name="os.name" value="Windows 11"/>
    <property name="java.vm.specification.version" value="25"/>
    <property name="sun.java.launcher" value="SUN_STANDARD"/>
    <property name="user.country" value="US"/>
    <property name="sun.boot.library.path" value="C:\Program Files\Eclipse Adoptium\jdk-25.0.2.10-hotspot\bin"/>
    <property name="sun.java.command" value="C:\Users\KranthiKumarCharyChe\AppData\Local\Temp\surefire12977411984765512184\surefirebooter-20260212231933926_3.jar C:\Users\KranthiKumarCharyChe\AppData\Local\Temp\surefire12977411984765512184 2026-02-12T23-19-33_653-jvmRun1 surefire-20260212231933926_1tmp surefire_0-20260212231933926_2tmp"/>
    <property name="jdk.debug" value="release"/>
    <property name="surefire.test.class.path" value="C:\Users\KranthiKumarCharyChe\Downloads\restassured-api-framework-main\restassured-api-framework-main\target\test-classes;C:\Users\KranthiKumarCharyChe\Downloads\restassured-api-framework-main\restassured-api-framework-main\target\classes;C:\Users\KranthiKumarCharyChe\.m2\repository\io\rest-assured\rest-assured\5.4.0\rest-assured-5.4.0.jar;C:\Users\KranthiKumarCharyChe\.m2\repository\org\apache\groovy\groovy\4.0.16\groovy-4.0.16.jar;C:\Users\KranthiKumarCharyChe\.m2\repository\org\apache\groovy\groovy-xml\4.0.16\groovy-xml-4.0.16.jar;C:\Users\KranthiKumarCharyChe\.m2\repository\org\apache\httpcomponents\httpclient\4.5.13\httpclient-4.5.13.jar;C:\Users\KranthiKumarCharyChe\.m2\repository\org\apache\httpcomponents\httpcore\4.4.13\httpcore-4.4.13.jar;C:\Users\KranthiKumarCharyChe\.m2\repository\commons-logging\commons-logging\1.2\commons-logging-1.2.jar;C:\Users\KranthiKumarCharyChe\.m2\repository\commons-codec\commons-codec\1.11\commons-codec-1.11.jar;C:\Users\KranthiKumarCharyChe\.m2\repository\org\apache\httpcomponents\httpmime\4.5.13\httpmime-4.5.13.jar;C:\Users\KranthiKumarCharyChe\.m2\repository\org\ccil\cowan\tagsoup\tagsoup\1.2.1\tagsoup-1.2.1.jar;C:\Users\KranthiKumarCharyChe\.m2\repository\io\rest-assured\json-path\5.4.0\json-path-5.4.0.jar;C:\Users\KranthiKumarCharyChe\.m2\repository\org\apache\groovy\groovy-json\4.0.16\groovy-json-4.0.16.jar;C:\Users\KranthiKumarCharyChe\.m2\repository\io\rest-assured\rest-assured-common\5.4.0\rest-assured-common-5.4.0.jar;C:\Users\KranthiKumarCharyChe\.m2\repository\io\rest-assured\xml-path\5.4.0\xml-path-5.4.0.jar;C:\Users\KranthiKumarCharyChe\.m2\repository\org\apache\commons\commons-lang3\3.11\commons-lang3-3.11.jar;C:\Users\KranthiKumarCharyChe\.m2\repository\org\testng\testng\7.7.1\testng-7.7.1.jar;C:\Users\KranthiKumarCharyChe\.m2\repository\org\slf4j\slf4j-api\1.7.36\slf4j-api-1.7.36.jar;C:\Users\KranthiKumarCharyChe\.m2\repository\com\beust\jcommander\1.82\jcommander-1.82.jar;C:\Users\KranthiKumarCharyChe\.m2\repository\org\webjars\jquery\3.6.1\jquery-3.6.1.jar;C:\Users\KranthiKumarCharyChe\.m2\repository\io\qameta\allure\allure-testng\2.24.0\allure-testng-2.24.0.jar;C:\Users\KranthiKumarCharyChe\.m2\repository\io\qameta\allure\allure-java-commons\2.24.0\allure-java-commons-2.24.0.jar;C:\Users\KranthiKumarCharyChe\.m2\repository\io\qameta\allure\allure-model\2.24.0\allure-model-2.24.0.jar;C:\Users\KranthiKumarCharyChe\.m2\repository\io\qameta\allure\allure-test-filter\2.24.0\allure-test-filter-2.24.0.jar;C:\Users\KranthiKumarCharyChe\.m2\repository\org\hamcrest\hamcrest\2.2\hamcrest-2.2.jar;"/>
    <property name="allure.results.directory" value="target/allure-results"/>
    <property name="sun.cpu.endian" value="little"/>
    <property name="user.home" value="C:\Users\KranthiKumarCharyChe"/>
    <property name="user.language" value="en"/>
    <property name="java.specification.vendor" value="Oracle Corporation"/>
    <property name="java.version.date" value="2026-01-20"/>
    <property name="java.home" value="C:\Program Files\Eclipse Adoptium\jdk-25.0.2.10-hotspot"/>
    <property name="file.separator" value="\"/>
    <property name="basedir" value="C:\Users\KranthiKumarCharyChe\Downloads\restassured-api-framework-main\restassured-api-framework-main"/>
    <property name="java.vm.compressedOopsMode" value="Zero based"/>
    <property name="line.separator" value="&#10;"/>
    <property name="java.vm.specification.vendor" value="Oracle Corporation"/>
    <property name="java.specification.name" value="Java Platform API Specification"/>
    <property name="surefire.real.class.path" value="C:\Users\KranthiKumarCharyChe\AppData\Local\Temp\surefire12977411984765512184\surefirebooter-20260212231933926_3.jar"/>
    <property name="user.script" value=""/>
    <property name="sun.management.compiler" value="HotSpot 64-Bit Tiered Compilers"/>
    <property name="java.runtime.version" value="25.0.2+10-LTS"/>
    <property name="user.name" value="KranthiKumarCharyChe"/>
    <property name="stdout.encoding" value="Cp1252"/>
    <property name="path.separator" value=";"/>
    <property name="os.version" value="10.0"/>
    <property name="java.runtime.name" value="OpenJDK Runtime Environment"/>
    <property name="file.encoding" value="UTF-8"/>
    <property name="java.vm.name" value="OpenJDK 64-Bit Server VM"/>
    <property name="java.vendor.version" value="Temurin-25.0.2+10"/>
    <property name="localRepository" value="C:\Users\KranthiKumarCharyChe\.m2\repository"/>
    <property name="java.vendor.url.bug" value="https://github.com/adoptium/adoptium-support/issues"/>
    <property name="java.io.tmpdir" value="C:\Users\KRANTH~1\AppData\Local\Temp\"/>
    <property name="java.version" value="25.0.2"/>
    <property name="user.dir" value="C:\Users\KranthiKumarCharyChe\Downloads\restassured-api-framework-main\restassured-api-framework-main"/>
    <property name="os.arch" value="amd64"/>
    <property name="java.vm.specification.name" value="Java Virtual Machine Specification"/>
    <property name="sun.os.patch.level" value=""/>
    <property name="native.encoding" value="Cp1252"/>
    <property name="java.library.path" value="C:\Program Files\Eclipse Adoptium\jdk-25.0.2.10-hotspot\bin;C:\WINDOWS\Sun\Java\bin;C:\WINDOWS\system32;C:\WINDOWS;C:/Users/KranthiKumarCharyChe/.p2/pool/plugins/org.eclipse.justj.openjdk.hotspot.jre.full.win32.x86_64_21.0.9.v20251105-0741/jre/bin/server;C:/Users/KranthiKumarCharyChe/.p2/pool/plugins/org.eclipse.justj.openjdk.hotspot.jre.full.win32.x86_64_21.0.9.v20251105-0741/jre/bin;C:\Program Files\Eclipse Adoptium\jdk-25.0.2.10-hotspot\bin;C:\Program Files\Python314\Scripts\;C:\Program Files\Python314\;C:\Program Files (x86)\TRICENTIS\Tosca Testsuite\ToscaCommander;C:\WINDOWS\system32;C:\WINDOWS;C:\WINDOWS\System32\Wbem;C:\WINDOWS\System32\WindowsPowerShell\v1.0\;C:\WINDOWS\System32\OpenSSH\;C:\Program Files\dotnet\;C:\Program Files\Git\cmd;C:\Program Files\Git\bin;C:\Users\KranthiKumarCharyChe\Downloads\apache-maven-3.9.12-bin\apache-maven-3.9.12\bin;C:\Program Files\Eclipse Adoptium\jdk-25.0.2.10-hotspot\bin;C:\Users\KranthiKumarCharyChe\AppData\Local\Microsoft\WindowsApps;C:\Users\KranthiKumarCharyChe\AppData\Local\Programs\Microsoft VS Code\bin;C:\WINDOWS\system32;;."/>
    <property name="java.vm.info" value="mixed mode, sharing"/>
    <property name="stderr.encoding" value="Cp1252"/>
    <property name="java.vendor" value="Eclipse Adoptium"/>
    <property name="java.vm.version" value="25.0.2+10-LTS"/>
    <property name="stdin.encoding" value="Cp1252"/>
    <property name="sun.io.unicode.encoding" value="UnicodeLittle"/>
    <property name="java.class.version" value="69.0"/>
  </properties>
  <testcase name="baseSetup" classname="tests.PostsApiTest" time="0.376">
    <failure type="java.lang.ExceptionInInitializerError"><![CDATA[java.lang.ExceptionInInitializerError
	at base.BaseTest.baseSetup(BaseTest.java:21)
	at java.base/jdk.internal.reflect.DirectMethodHandleAccessor.invoke(DirectMethodHandleAccessor.java:104)
	at java.base/java.lang.reflect.Method.invoke(Method.java:565)
	at org.testng.internal.invokers.MethodInvocationHelper.invokeMethod(MethodInvocationHelper.java:139)
	at org.testng.internal.invokers.MethodInvocationHelper.invokeMethodConsideringTimeout(MethodInvocationHelper.java:69)
	at org.testng.internal.invokers.ConfigInvoker.invokeConfigurationMethod(ConfigInvoker.java:361)
	at org.testng.internal.invokers.ConfigInvoker.invokeConfigurations(ConfigInvoker.java:296)
	at org.testng.internal.invokers.TestMethodWorker.invokeBeforeClassMethods(TestMethodWorker.java:180)
	at org.testng.internal.invokers.TestMethodWorker.run(TestMethodWorker.java:122)
	at java.base/java.util.ArrayList.forEach(ArrayList.java:1604)
	at org.testng.TestRunner.privateRun(TestRunner.java:829)
	at org.testng.TestRunner.run(TestRunner.java:602)
	at org.testng.SuiteRunner.runTest(SuiteRunner.java:437)
	at org.testng.SuiteRunner.runSequentially(SuiteRunner.java:431)
	at org.testng.SuiteRunner.privateRun(SuiteRunner.java:391)
	at org.testng.SuiteRunner.run(SuiteRunner.java:330)
	at org.testng.SuiteRunnerWorker.runSuite(SuiteRunnerWorker.java:52)
	at org.testng.SuiteRunnerWorker.run(SuiteRunnerWorker.java:95)
	at org.testng.TestNG.runSuitesSequentially(TestNG.java:1256)
	at org.testng.TestNG.runSuitesLocally(TestNG.java:1176)
	at org.testng.TestNG.runSuites(TestNG.java:1099)
	at org.testng.TestNG.run(TestNG.java:1067)
	at org.apache.maven.surefire.testng.TestNGExecutor.run(TestNGExecutor.java:324)
	at org.apache.maven.surefire.testng.TestNGXmlTestSuite.execute(TestNGXmlTestSuite.java:74)
	at org.apache.maven.surefire.testng.TestNGProvider.invoke(TestNGProvider.java:123)
	at org.apache.maven.surefire.booter.ForkedBooter.runSuitesInProcess(ForkedBooter.java:456)
	at org.apache.maven.surefire.booter.ForkedBooter.execute(ForkedBooter.java:169)
	at org.apache.maven.surefire.booter.ForkedBooter.run(ForkedBooter.java:595)
	at org.apache.maven.surefire.booter.ForkedBooter.main(ForkedBooter.java:581)
Caused by: java.lang.RuntimeException: config.properties not found in src/test/resources/
	at config.ConfigManager.<clinit>(ConfigManager.java:16)
	... 29 more
]]></failure>
    <system-err><![CDATA[SLF4J: Failed to load class "org.slf4j.impl.StaticLoggerBinder".
SLF4J: Defaulting to no-operation (NOP) logger implementation
SLF4J: See http://www.slf4j.org/codes.html#StaticLoggerBinder for further details.
]]></system-err>
  </testcase>
  <testcase name="testCreatePost" classname="tests.PostsApiTest" time="0">
    <skipped/>
  </testcase>
  <testcase name="testDeletePost" classname="tests.PostsApiTest" time="0">
    <skipped/>
  </testcase>
  <testcase name="testGetAllPosts" classname="tests.PostsApiTest" time="0">
    <skipped/>
  </testcase>
  <testcase name="testGetNonExistentPost" classname="tests.PostsApiTest" time="0">
    <skipped/>
  </testcase>
  <testcase name="testGetSinglePost" classname="tests.PostsApiTest" time="0">
    <skipped/>
  </testcase>
  <testcase name="testUpdatePostWithPatch" classname="tests.PostsApiTest" time="0">
    <skipped/>
  </testcase>
  <testcase name="testUpdatePostWithPut" classname="tests.PostsApiTest" time="0">
    <skipped/>
  </testcase>
  <testcase name="baseSetup" classname="tests.PostsDataDrivenTest" time="0.007">
    <failure message="Could not initialize class config.ConfigManager" type="java.lang.NoClassDefFoundError"><![CDATA[java.lang.NoClassDefFoundError: Could not initialize class config.ConfigManager
	at base.BaseTest.baseSetup(BaseTest.java:21)
	at java.base/jdk.internal.reflect.DirectMethodHandleAccessor.invoke(DirectMethodHandleAccessor.java:104)
	at java.base/java.lang.reflect.Method.invoke(Method.java:565)
	at org.testng.internal.invokers.MethodInvocationHelper.invokeMethod(MethodInvocationHelper.java:139)
	at org.testng.internal.invokers.MethodInvocationHelper.invokeMethodConsideringTimeout(MethodInvocationHelper.java:69)
	at org.testng.internal.invokers.ConfigInvoker.invokeConfigurationMethod(ConfigInvoker.java:361)
	at org.testng.internal.invokers.ConfigInvoker.invokeConfigurations(ConfigInvoker.java:296)
	at org.testng.internal.invokers.TestMethodWorker.invokeBeforeClassMethods(TestMethodWorker.java:180)
	at org.testng.internal.invokers.TestMethodWorker.run(TestMethodWorker.java:122)
	at java.base/java.util.ArrayList.forEach(ArrayList.java:1604)
	at org.testng.TestRunner.privateRun(TestRunner.java:829)
	at org.testng.TestRunner.run(TestRunner.java:602)
	at org.testng.SuiteRunner.runTest(SuiteRunner.java:437)
	at org.testng.SuiteRunner.runSequentially(SuiteRunner.java:431)
	at org.testng.SuiteRunner.privateRun(SuiteRunner.java:391)
	at org.testng.SuiteRunner.run(SuiteRunner.java:330)
	at org.testng.SuiteRunnerWorker.runSuite(SuiteRunnerWorker.java:52)
	at org.testng.SuiteRunnerWorker.run(SuiteRunnerWorker.java:95)
	at org.testng.TestNG.runSuitesSequentially(TestNG.java:1256)
	at org.testng.TestNG.runSuitesLocally(TestNG.java:1176)
	at org.testng.TestNG.runSuites(TestNG.java:1099)
	at org.testng.TestNG.run(TestNG.java:1067)
	at org.apache.maven.surefire.testng.TestNGExecutor.run(TestNGExecutor.java:324)
	at org.apache.maven.surefire.testng.TestNGXmlTestSuite.execute(TestNGXmlTestSuite.java:74)
	at org.apache.maven.surefire.testng.TestNGProvider.invoke(TestNGProvider.java:123)
	at org.apache.maven.surefire.booter.ForkedBooter.runSuitesInProcess(ForkedBooter.java:456)
	at org.apache.maven.surefire.booter.ForkedBooter.execute(ForkedBooter.java:169)
	at org.apache.maven.surefire.booter.ForkedBooter.run(ForkedBooter.java:595)
	at org.apache.maven.surefire.booter.ForkedBooter.main(ForkedBooter.java:581)
Caused by: java.lang.ExceptionInInitializerError: Exception java.lang.RuntimeException: config.properties not found in src/test/resources/ [in thread "main"]
	at config.ConfigManager.<clinit>(ConfigManager.java:16)
	... 29 more
]]></failure>
  </testcase>
  <testcase name="testCreateMultiplePosts[First Post, First body content, 1](1)" classname="tests.PostsDataDrivenTest" time="0">
    <skipped message="Could not initialize class config.ConfigManager"/>
  </testcase>
  <testcase name="testCreateMultiplePosts[Second Post, Second body content, 2](2)" classname="tests.PostsDataDrivenTest" time="0">
    <skipped message="Could not initialize class config.ConfigManager"/>
  </testcase>
  <testcase name="testCreateMultiplePosts[Third Post, Third body content, 3](3)" classname="tests.PostsDataDrivenTest" time="0">
    <skipped message="Could not initialize class config.ConfigManager"/>
  </testcase>
  <testcase name="testGetPostById[1, sunt aut facere repellat provident occaecati excepturi optio reprehenderit](1)" classname="tests.PostsDataDrivenTest" time="0">
    <skipped message="Could not initialize class config.ConfigManager"/>
  </testcase>
  <testcase name="testGetPostById[2, qui est esse](2)" classname="tests.PostsDataDrivenTest" time="0">
    <skipped message="Could not initialize class config.ConfigManager"/>
  </testcase>
  <testcase name="testGetPostById[3, ea molestias quasi exercitationem repellat qui ipsa sit aut](3)" classname="tests.PostsDataDrivenTest" time="0">
    <skipped message="Could not initialize class config.ConfigManager"/>
  </testcase>
</testsuite>