<?xml version="1.0" encoding="UTF-8"?>
<testsuite xmlns:xsi="http://www.w3.org/2001/XMLSchema-instance" xsi:noNamespaceSchemaLocation="https://maven.apache.org/surefire/maven-surefire-plugin/xsd/surefire-test-report-3.0.xsd" version="3.0" name="TestSuite" time="0.553" tests="15" errors="0" skipped="13" failures="2">
  <properties>
[...]
</properties>
  <testcase name="baseSetup" classname="tests.PostsApiTest" time="0.376">
    <failure type="java.lang.ExceptionInInitializerError"><![CDATA[java.lang.ExceptionInInitializerError
	at base.BaseTest.baseSetup(BaseTest.java:21)
	at java.base/jdk.internal.reflect.DirectMethodHandleAccessor.invoke(DirectMethodHandleAccessor.java:104)
	at java.base/java.lang.reflect.Method.invoke(Method.java:565)
	at org.testng.internal.invokers.MethodInvocationHelper.invokeMethod(MethodInvocationHelper.java:139)
	at org.testng.internal.invokers.MethodInvocationHelper.invokeMethodConsideringTimeout(MethodInvocationHelper.java:69)
	at org.testng.internal.invokers.ConfigInvoker.invokeConfigurationMethod(ConfigInvoker.java:361)
	at org.testng.internal.invokers.ConfigInvoker.invokeConfigurations(ConfigInvoker.java:296)
	at org.testng.internal.invokers.TestMethodWorker.invokeBeforeClassMethods(TestMethodWorker.java:180)
	at org.testng.internal.invokers.TestMethodWorker.run(TestMethodWorker.java:122)
	at java.base/java.util.ArrayList.forEach(ArrayList.java:1604)
	at org.testng.TestRunner.privateRun(TestRunner.java:829)
	at org.testng.TestRunner.run(TestRunner.java:602)
	at org.testng.SuiteRunner.runTest(SuiteRunner.java:437)
	at org.testng.SuiteRunner.runSequentially(SuiteRunner.java:431)
	at org.testng.SuiteRunner.privateRun(SuiteRunner.java:391)
	at org.testng.SuiteRunner.run(SuiteRunner.java:330)
	at org.testng.SuiteRunnerWorker.runSuite(SuiteRunnerWorker.java:52)
	at org.testng.SuiteRunnerWorker.run(SuiteRunnerWorker.java:95)
	at org.testng.TestNG.runSuitesSequentially(TestNG.java:1256)
	at org.testng.TestNG.runSuitesLocally(TestNG.java:1176)
	at org.testng.TestNG.runSuites(TestNG.java:1099)
	at org.testng.TestNG.run(TestNG.java:1067)
	at org.apache.maven.surefire.testng.TestNGExecutor.run(TestNGExecutor.java:324)
	at org.apache.maven.surefire.testng.TestNGXmlTestSuite.execute(TestNGXmlTestSuite.java:74)
	at org.apache.maven.surefire.testng.TestNGProvider.invoke(TestNGProvider.java:123)
	at org.apache.maven.surefire.booter.ForkedBooter.runSuitesInProcess(ForkedBooter.java:456)
	at org.apache.maven.surefire.booter.ForkedBooter.execute(ForkedBooter.java:169)
	at org.apache.maven.surefire.booter.ForkedBooter.run(ForkedBooter.java:595)
	at org.apache.maven.surefire.booter.ForkedBooter.main(ForkedBooter.java:581)
Caused by: java.lang.RuntimeException: config.properties not found in src/test/resources/
	at config.ConfigManager.<clinit>(ConfigManager.java:16)
	... 29 more
]]></failure>
    <system-err><![CDATA[SLF4J: Failed to load class "org.slf4j.impl.StaticLoggerBinder".
SLF4J: Defaulting to no-operation (NOP) logger implementation
SLF4J: See http://www.slf4j.org/codes.html#StaticLoggerBinder for further details.
]]></system-err>
  </testcase>
  <testcase name="testCreatePost" classname="tests.PostsApiTest" time="0">
    <skipped/>
  </testcase>
  <testcase name="testDeletePost" classname="tests.PostsApiTest" time="0">
    <skipped/>
  </testcase>
  <testcase name="testGetAllPosts" classname="tests.PostsApiTest" time="0">
    <skipped/>
  </testcase>
  <testcase name="testGetNonExistentPost" classname="tests.PostsApiTest" time="0">
    <skipped/>
  </testcase>
  <testcase name="testGetSinglePost" classname="tests.PostsApiTest" time="0">
    <skipped/>
  </testcase>
  <testcase name="testUpdatePostWithPatch" classname="tests.PostsApiTest" time="0">
    <skipped/>
  </testcase>
  <testcase name="testUpdatePostWithPut" classname="tests.PostsApiTest" time="0">
    <skipped/>
  </testcase>
  <testcase name="baseSetup" classname="tests.PostsDataDrivenTest" time="0.007">
    <failure message="Could not initialize class config.ConfigManager" type="java.lang.NoClassDefFoundError"><![CDATA[java.lang.NoClassDefFoundError: Could not initialize class config.ConfigManager
	at base.BaseTest.baseSetup(BaseTest.java:21)
	at java.base/jdk.internal.reflect.DirectMethodHandleAccessor.invoke(DirectMethodHandleAccessor.java:104)
	at java.base/java.lang.reflect.Method.invoke(Method.java:565)
	at org.testng.internal.invokers.MethodInvocationHelper.invokeMethod(MethodInvocationHelper.java:139)
	at org.testng.internal.invokers.MethodInvocationHelper.invokeMethodConsideringTimeout(MethodInvocationHelper.java:69)
	at org.testng.internal.invokers.ConfigInvoker.invokeConfigurationMethod(ConfigInvoker.java:361)
	at org.testng.internal.invokers.ConfigInvoker.invokeConfigurations(ConfigInvoker.java:296)
	at org.testng.internal.invokers.TestMethodWorker.invokeBeforeClassMethods(TestMethodWorker.java:180)
	at org.testng.internal.invokers.TestMethodWorker.run(TestMethodWorker.java:122)
	at java.base/java.util.ArrayList.forEach(ArrayList.java:1604)
	at org.testng.TestRunner.privateRun(TestRunner.java:829)
	at org.testng.TestRunner.run(TestRunner.java:602)
	at org.testng.SuiteRunner.runTest(SuiteRunner.java:437)
	at org.testng.SuiteRunner.runSequentially(SuiteRunner.java:431)
	at org.testng.SuiteRunner.privateRun(SuiteRunner.java:391)
	at org.testng.SuiteRunner.run(SuiteRunner.java:330)
	at org.testng.SuiteRunnerWorker.runSuite(SuiteRunnerWorker.java:52)
	at org.testng.SuiteRunnerWorker.run(SuiteRunnerWorker.java:95)
	at org.testng.TestNG.runSuitesSequentially(TestNG.java:1256)
	at org.testng.TestNG.runSuitesLocally(TestNG.java:1176)
	at org.testng.TestNG.runSuites(TestNG.java:1099)
	at org.testng.TestNG.run(TestNG.java:1067)
	at org.apache.maven.surefire.testng.TestNGExecutor.run(TestNGExecutor.java:324)
	at org.apache.maven.surefire.testng.TestNGXmlTestSuite.execute(TestNGXmlTestSuite.java:74)
	at org.apache.maven.surefire.testng.TestNGProvider.invoke(TestNGProvider.java:123)
	at org.apache.maven.surefire.booter.ForkedBooter.runSuitesInProcess(ForkedBooter.java:456)
	at org.apache.maven.surefire.booter.ForkedBooter.execute(ForkedBooter.java:169)
	at org.apache.maven.surefire.booter.ForkedBooter.run(ForkedBooter.java:595)
	at org.apache.maven.surefire.booter.ForkedBooter.main(ForkedBooter.java:581)
Caused by: java.lang.ExceptionInInitializerError: Exception java.lang.RuntimeException: config.properties not found in src/test/resources/ [in thread "main"]
	at config.ConfigManager.<clinit>(ConfigManager.java:16)
	... 29 more
]]></failure>
  </testcase>
  <testcase name="testCreateMultiplePosts[First Post, First body content, 1](1)" classname="tests.PostsDataDrivenTest" time="0">
    <skipped message="Could not initialize class config.ConfigManager"/>
  </testcase>
  <testcase name="testCreateMultiplePosts[Second Post, Second body content, 2](2)" classname="tests.PostsDataDrivenTest" time="0">
    <skipped message="Could not initialize class config.ConfigManager"/>
  </testcase>
  <testcase name="testCreateMultiplePosts[Third Post, Third body content, 3](3)" classname="tests.PostsDataDrivenTest" time="0">
    <skipped message="Could not initialize class config.ConfigManager"/>
  </testcase>
  <testcase name="testGetPostById[1, sunt aut facere repellat provident occaecati excepturi optio reprehenderit](1)" classname="tests.PostsDataDrivenTest" time="0">
    <skipped message="Could not initialize class config.ConfigManager"/>
  </testcase>
  <testcase name="testGetPostById[2, qui est esse](2)" classname="tests.PostsDataDrivenTest" time="0">
    <skipped message="Could not initialize class config.ConfigManager"/>
  </testcase>
  <testcase name="testGetPostById[3, ea molestias quasi exercitationem repellat qui ipsa sit aut](3)" classname="tests.PostsDataDrivenTest" time="0">
    <skipped message="Could not initialize class config.ConfigManager"/>
  </testcase>
</testsuite>