<?xml version="1.0" encoding="UTF-8"?>
<testng-results ignored="0" total="2" passed="2" failed="0" skipped="0">
  <reporter-output>
  </reporter-output>
  <suite started-at="2025-04-29T13:44:44 GMT-06:00" name="API Test Suite" finished-at="2025-04-29T13:44:48 GMT-06:00" duration-ms="3712">
    <groups>
    </groups>
    <test started-at="2025-04-29T13:44:44 GMT-06:00" name="Posts API Tests" finished-at="2025-04-29T13:44:48 GMT-06:00" duration-ms="3712">
      <class name="tests.PostsApiTest">
        <test-method is-config="true" signature="setup()[pri:0, instance:tests.PostsApiTest@242b836]" started-at="2025-04-29T13:44:44 GMT-06:00" name="setup" finished-at="2025-04-29T13:44:45 GMT-06:00" duration-ms="426" status="PASS">
          <reporter-output>
          </reporter-output>
        </test-method> <!-- setup -->
        <test-method signature="testCreatePost()[pri:0, instance:tests.PostsApiTest@242b836]" started-at="2025-04-29T13:44:45 GMT-06:00" name="testCreatePost" finished-at="2025-04-29T13:44:48 GMT-06:00" duration-ms="2690" status="PASS">
          <reporter-output>
          </reporter-output>
        </test-method> <!-- testCreatePost -->
        <test-method signature="testGetSinglePost()[pri:0, instance:tests.PostsApiTest@242b836]" started-at="2025-04-29T13:44:48 GMT-06:00" name="testGetSinglePost" finished-at="2025-04-29T13:44:48 GMT-06:00" duration-ms="476" status="PASS">
          <reporter-output>
          </reporter-output>
        </test-method> <!-- testGetSinglePost -->
      </class> <!-- tests.PostsApiTest -->
    </test> <!-- Posts API Tests -->
  </suite> <!-- API Test Suite -->
</testng-results>
