<?xml version="1.0" encoding="UTF-8"?>
<testng-results ignored="0" total="13" passed="13" failed="0" skipped="0">
  <reporter-output>
  </reporter-output>
  <suite started-at="2026-02-13T11:46:38 MST" name="API Test Suite" finished-at="2026-02-13T11:46:41 MST" duration-ms="3626">
    <groups>
    </groups>
    <test started-at="2026-02-13T11:46:38 MST" name="Posts API Tests" finished-at="2026-02-13T11:46:41 MST" duration-ms="3626">
      <class name="tests.PostsApiTest">
        <test-method is-config="true" signature="baseSetup()[pri:0, instance:tests.PostsApiTest@5ace1ed4]" started-at="2026-02-13T11:46:38 MST" name="baseSetup" finished-at="2026-02-13T11:46:38 MST" duration-ms="300" status="PASS">
          <reporter-output>
          </reporter-output>
        </test-method> <!-- baseSetup -->
        <test-method signature="testCreatePost()[pri:0, instance:tests.PostsApiTest@5ace1ed4]" started-at="2026-02-13T11:46:38 MST" name="testCreatePost" finished-at="2026-02-13T11:46:39 MST" duration-ms="1360" status="PASS">
          <reporter-output>
          </reporter-output>
        </test-method> <!-- testCreatePost -->
        <test-method signature="testDeletePost()[pri:0, instance:tests.PostsApiTest@5ace1ed4]" started-at="2026-02-13T11:46:39 MST" name="testDeletePost" finished-at="2026-02-13T11:46:39 MST" duration-ms="178" status="PASS">
          <reporter-output>
          </reporter-output>
        </test-method> <!-- testDeletePost -->
        <test-method signature="testGetAllPosts()[pri:0, instance:tests.PostsApiTest@5ace1ed4]" started-at="2026-02-13T11:46:39 MST" name="testGetAllPosts" finished-at="2026-02-13T11:46:40 MST" duration-ms="129" status="PASS">
          <reporter-output>
          </reporter-output>
        </test-method> <!-- testGetAllPosts -->
        <test-method signature="testGetNonExistentPost()[pri:0, instance:tests.PostsApiTest@5ace1ed4]" started-at="2026-02-13T11:46:40 MST" name="testGetNonExistentPost" finished-at="2026-02-13T11:46:40 MST" duration-ms="107" status="PASS">
          <reporter-output>
          </reporter-output>
        </test-method> <!-- testGetNonExistentPost -->
        <test-method signature="testGetSinglePost()[pri:0, instance:tests.PostsApiTest@5ace1ed4]" started-at="2026-02-13T11:46:40 MST" name="testGetSinglePost" finished-at="2026-02-13T11:46:40 MST" duration-ms="107" status="PASS">
          <reporter-output>
          </reporter-output>
        </test-method> <!-- testGetSinglePost -->
        <test-method signature="testUpdatePostWithPatch()[pri:0, instance:tests.PostsApiTest@5ace1ed4]" started-at="2026-02-13T11:46:40 MST" name="testUpdatePostWithPatch" finished-at="2026-02-13T11:46:40 MST" duration-ms="188" status="PASS">
          <reporter-output>
          </reporter-output>
        </test-method> <!-- testUpdatePostWithPatch -->
        <test-method signature="testUpdatePostWithPut()[pri:0, instance:tests.PostsApiTest@5ace1ed4]" started-at="2026-02-13T11:46:40 MST" name="testUpdatePostWithPut" finished-at="2026-02-13T11:46:40 MST" duration-ms="313" status="PASS">
          <reporter-output>
          </reporter-output>
        </test-method> <!-- testUpdatePostWithPut -->
      </class> <!-- tests.PostsApiTest -->
      <class name="tests.PostsDataDrivenTest">
        <test-method is-config="true" signature="baseSetup()[pri:0, instance:tests.PostsDataDrivenTest@a2431d0]" started-at="2026-02-13T11:46:40 MST" name="baseSetup" finished-at="2026-02-13T11:46:40 MST" duration-ms="0" status="PASS">
          <reporter-output>
          </reporter-output>
        </test-method> <!-- baseSetup -->
        <test-method signature="testCreateMultiplePosts(java.lang.String,java.lang.String,int)[pri:0, instance:tests.PostsDataDrivenTest@a2431d0]" started-at="2026-02-13T11:46:40 MST" name="testCreateMultiplePosts" data-provider="newPosts" finished-at="2026-02-13T11:46:40 MST" duration-ms="183" status="PASS">
          <params>
            <param index="0">
              <value>
                <![CDATA[First Post]]>
              </value>
            </param>
            <param index="1">
              <value>
                <![CDATA[First body content]]>
              </value>
            </param>
            <param index="2">
              <value>
                <![CDATA[1]]>
              </value>
            </param>
          </params>
          <reporter-output>
          </reporter-output>
        </test-method> <!-- testCreateMultiplePosts -->
        <test-method signature="testCreateMultiplePosts(java.lang.String,java.lang.String,int)[pri:0, instance:tests.PostsDataDrivenTest@a2431d0]" started-at="2026-02-13T11:46:40 MST" name="testCreateMultiplePosts" data-provider="newPosts" finished-at="2026-02-13T11:46:41 MST" duration-ms="172" status="PASS">
          <params>
            <param index="0">
              <value>
                <![CDATA[Second Post]]>
              </value>
            </param>
            <param index="1">
              <value>
                <![CDATA[Second body content]]>
              </value>
            </param>
            <param index="2">
              <value>
                <![CDATA[2]]>
              </value>
            </param>
          </params>
          <reporter-output>
          </reporter-output>
        </test-method> <!-- testCreateMultiplePosts -->
        <test-method signature="testCreateMultiplePosts(java.lang.String,java.lang.String,int)[pri:0, instance:tests.PostsDataDrivenTest@a2431d0]" started-at="2026-02-13T11:46:41 MST" name="testCreateMultiplePosts" data-provider="newPosts" finished-at="2026-02-13T11:46:41 MST" duration-ms="173" status="PASS">
          <params>
            <param index="0">
              <value>
                <![CDATA[Third Post]]>
              </value>
            </param>
            <param index="1">
              <value>
                <![CDATA[Third body content]]>
              </value>
            </param>
            <param index="2">
              <value>
                <![CDATA[3]]>
              </value>
            </param>
          </params>
          <reporter-output>
          </reporter-output>
        </test-method> <!-- testCreateMultiplePosts -->
        <test-method signature="testGetPostById(int,java.lang.String)[pri:0, instance:tests.PostsDataDrivenTest@a2431d0]" started-at="2026-02-13T11:46:41 MST" name="testGetPostById" data-provider="postIds" finished-at="2026-02-13T11:46:41 MST" duration-ms="103" status="PASS">
          <params>
            <param index="0">
              <value>
                <![CDATA[1]]>
              </value>
            </param>
            <param index="1">
              <value>
                <![CDATA[sunt aut facere repellat provident occaecati excepturi optio reprehenderit]]>
              </value>
            </param>
          </params>
          <reporter-output>
          </reporter-output>
        </test-method> <!-- testGetPostById -->
        <test-method signature="testGetPostById(int,java.lang.String)[pri:0, instance:tests.PostsDataDrivenTest@a2431d0]" started-at="2026-02-13T11:46:41 MST" name="testGetPostById" data-provider="postIds" finished-at="2026-02-13T11:46:41 MST" duration-ms="116" status="PASS">
          <params>
            <param index="0">
              <value>
                <![CDATA[2]]>
              </value>
            </param>
            <param index="1">
              <value>
                <![CDATA[qui est esse]]>
              </value>
            </param>
          </params>
          <reporter-output>
          </reporter-output>
        </test-method> <!-- testGetPostById -->
        <test-method signature="testGetPostById(int,java.lang.String)[pri:0, instance:tests.PostsDataDrivenTest@a2431d0]" started-at="2026-02-13T11:46:41 MST" name="testGetPostById" data-provider="postIds" finished-at="2026-02-13T11:46:41 MST" duration-ms="107" status="PASS">
          <params>
            <param index="0">
              <value>
                <![CDATA[3]]>
              </value>
            </param>
            <param index="1">
              <value>
                <![CDATA[ea molestias quasi exercitationem repellat qui ipsa sit aut]]>
              </value>
            </param>
          </params>
          <reporter-output>
          </reporter-output>
        </test-method> <!-- testGetPostById -->
      </class> <!-- tests.PostsDataDrivenTest -->
    </test> <!-- Posts API Tests -->
  </suite> <!-- API Test Suite -->
</testng-results>
