<?xml version="1.0" encoding="UTF-8"?>
<!-- Generated by org.testng.reporters.JUnitReportReporter -->
<testsuite hostname="KRANIBM" failures="0" tests="8" name="tests.PostsApiTest" time="0.011" errors="1" timestamp="2026-02-12T23:19:34 MST" skipped="7">
  <testcase classname="tests.PostsApiTest" name="testUpdatePostWithPut" time="0.000">
    <skipped/>
  </testcase> <!-- testUpdatePostWithPut -->
  <system-out/>
  <testcase classname="tests.PostsApiTest" name="baseSetup" time="0.011">
    <error type="java.lang.ExceptionInInitializerError">
      <![CDATA[java.lang.ExceptionInInitializerError
at base.BaseTest.baseSetup(BaseTest.java:21)
at java.base/jdk.internal.reflect.DirectMethodHandleAccessor.invoke(DirectMethodHandleAccessor.java:104)
at java.base/java.lang.reflect.Method.invoke(Method.java:565)
at org.testng.internal.invokers.MethodInvocationHelper.invokeMethod(MethodInvocationHelper.java:139)
at org.testng.internal.invokers.MethodInvocationHelper.invokeMethodConsideringTimeout(MethodInvocationHelper.java:69)
at org.testng.internal.invokers.ConfigInvoker.invokeConfigurationMethod(ConfigInvoker.java:361)
at org.testng.internal.invokers.ConfigInvoker.invokeConfigurations(ConfigInvoker.java:296)
at org.testng.internal.invokers.TestMethodWorker.invokeBeforeClassMethods(TestMethodWorker.java:180)
at org.testng.internal.invokers.TestMethodWorker.run(TestMethodWorker.java:122)
at java.base/java.util.ArrayList.forEach(ArrayList.java:1604)
at org.testng.TestRunner.privateRun(TestRunner.java:829)
at org.testng.TestRunner.run(TestRunner.java:602)
at org.testng.SuiteRunner.runTest(SuiteRunner.java:437)
at org.testng.SuiteRunner.runSequentially(SuiteRunner.java:431)
at org.testng.SuiteRunner.privateRun(SuiteRunner.java:391)
at org.testng.SuiteRunner.run(SuiteRunner.java:330)
at org.testng.SuiteRunnerWorker.runSuite(SuiteRunnerWorker.java:52)
at org.testng.SuiteRunnerWorker.run(SuiteRunnerWorker.java:95)
at org.testng.TestNG.runSuitesSequentially(TestNG.java:1256)
at org.testng.TestNG.runSuitesLocally(TestNG.java:1176)
at org.testng.TestNG.runSuites(TestNG.java:1099)
at org.testng.TestNG.run(TestNG.java:1067)
at org.apache.maven.surefire.testng.TestNGExecutor.run(TestNGExecutor.java:324)
at org.apache.maven.surefire.testng.TestNGXmlTestSuite.execute(TestNGXmlTestSuite.java:74)
at org.apache.maven.surefire.testng.TestNGProvider.invoke(TestNGProvider.java:123)
at org.apache.maven.surefire.booter.ForkedBooter.runSuitesInProcess(ForkedBooter.java:456)
at org.apache.maven.surefire.booter.ForkedBooter.execute(ForkedBooter.java:169)
at org.apache.maven.surefire.booter.ForkedBooter.run(ForkedBooter.java:595)
at org.apache.maven.surefire.booter.ForkedBooter.main(ForkedBooter.java:581)
Caused by: java.lang.RuntimeException: config.properties not found in src/test/resources/
at config.ConfigManager.<clinit>(ConfigManager.java:16)
... 29 more
]]>
    </error>
  </testcase> <!-- baseSetup -->
  <system-out/>
  <testcase classname="tests.PostsApiTest" name="testGetSinglePost" time="0.000">
    <skipped/>
  </testcase> <!-- testGetSinglePost -->
  <system-out/>
  <testcase classname="tests.PostsApiTest" name="testGetNonExistentPost" time="0.000">
    <skipped/>
  </testcase> <!-- testGetNonExistentPost -->
  <system-out/>
  <testcase classname="tests.PostsApiTest" name="testGetAllPosts" time="0.000">
    <skipped/>
  </testcase> <!-- testGetAllPosts -->
  <system-out/>
  <testcase classname="tests.PostsApiTest" name="testCreatePost" time="0.000">
    <skipped/>
  </testcase> <!-- testCreatePost -->
  <system-out/>
  <testcase classname="tests.PostsApiTest" name="testDeletePost" time="0.000">
    <skipped/>
  </testcase> <!-- testDeletePost -->
  <system-out/>
  <testcase classname="tests.PostsApiTest" name="testUpdatePostWithPatch" time="0.000">
    <skipped/>
  </testcase> <!-- testUpdatePostWithPatch -->
  <system-out/>
</testsuite> <!-- tests.PostsApiTest -->
