<?xml version="1.0" encoding="UTF-8"?>
<!-- Generated by org.testng.reporters.JUnitReportReporter -->
<testsuite hostname="KRANIBM" failures="0" tests="6" name="tests.PostsDataDrivenTest" time="0.854" errors="0" timestamp="2026-02-13T11:46:41 MST" skipped="0">
  <testcase classname="tests.PostsDataDrivenTest" name="testGetPostById" time="0.116"/>
  <system-out/>
  <testcase classname="tests.PostsDataDrivenTest" name="testGetPostById" time="0.107"/>
  <system-out/>
  <testcase classname="tests.PostsDataDrivenTest" name="testCreateMultiplePosts" time="0.172"/>
  <system-out/>
  <testcase classname="tests.PostsDataDrivenTest" name="testCreateMultiplePosts" time="0.173"/>
  <system-out/>
  <testcase classname="tests.PostsDataDrivenTest" name="testGetPostById" time="0.103"/>
  <system-out/>
  <testcase classname="tests.PostsDataDrivenTest" name="testCreateMultiplePosts" time="0.183"/>
  <system-out/>
</testsuite> <!-- tests.PostsDataDrivenTest -->
