<?xml version="1.0" encoding="UTF-8"?>
<!-- Generated by org.testng.reporters.JUnitReportReporter -->
<testsuite hostname="KRANIBM" failures="0" tests="7" name="tests.PostsApiTest" time="2.382" errors="0" timestamp="2026-02-13T11:46:41 MST" skipped="0">
  <testcase classname="tests.PostsApiTest" name="testGetNonExistentPost" time="0.107"/>
  <system-out/>
  <testcase classname="tests.PostsApiTest" name="testUpdatePostWithPatch" time="0.188"/>
  <system-out/>
  <testcase classname="tests.PostsApiTest" name="testCreatePost" time="1.360"/>
  <system-out/>
  <testcase classname="tests.PostsApiTest" name="testGetAllPosts" time="0.129"/>
  <system-out/>
  <testcase classname="tests.PostsApiTest" name="testGetSinglePost" time="0.107"/>
  <system-out/>
  <testcase classname="tests.PostsApiTest" name="testUpdatePostWithPut" time="0.313"/>
  <system-out/>
  <testcase classname="tests.PostsApiTest" name="testDeletePost" time="0.178"/>
  <system-out/>
</testsuite> <!-- tests.PostsApiTest -->
