<?xml version="1.0" encoding="UTF-8"?>
<!-- Generated by org.testng.reporters.JUnitXMLReporter -->
<testsuite ignored="0" hostname="KRANIBM" failures="0" tests="13" name="Posts API Tests" time="3.626" errors="0" timestamp="2026-02-13T11:46:41 MST">
  <testcase classname="tests.PostsApiTest" name="testCreatePost" time="1.36"/>
  <testcase classname="tests.PostsApiTest" name="testDeletePost" time="0.178"/>
  <testcase classname="tests.PostsApiTest" name="testGetAllPosts" time="0.129"/>
  <testcase classname="tests.PostsApiTest" name="testGetNonExistentPost" time="0.107"/>
  <testcase classname="tests.PostsApiTest" name="testGetSinglePost" time="0.107"/>
  <testcase classname="tests.PostsApiTest" name="testUpdatePostWithPatch" time="0.188"/>
  <testcase classname="tests.PostsApiTest" name="testUpdatePostWithPut" time="0.313"/>
  <testcase classname="tests.PostsDataDrivenTest" name="testCreateMultiplePosts" time="0.183"/>
  <testcase classname="tests.PostsDataDrivenTest" name="testCreateMultiplePosts" time="0.172"/>
  <testcase classname="tests.PostsDataDrivenTest" name="testCreateMultiplePosts" time="0.173"/>
  <testcase classname="tests.PostsDataDrivenTest" name="testGetPostById" time="0.103"/>
  <testcase classname="tests.PostsDataDrivenTest" name="testGetPostById" time="0.116"/>
  <testcase classname="tests.PostsDataDrivenTest" name="testGetPostById" time="0.107"/>
</testsuite> <!-- Posts API Tests -->
