<?xml version="1.0" encoding="UTF-8"?>
<!-- Generated by org.testng.reporters.JUnitXMLReporter -->
<testsuite ignored="0" hostname="KRANIBM" failures="0" tests="13" name="Posts API Tests" time="0.163" errors="0" timestamp="2026-02-12T23:19:34 MST">
  <testcase classname="base.BaseTest" name="@BeforeClass baseSetup" time="0.011">
    <failure type="java.lang.ExceptionInInitializerError">
      <![CDATA[java.lang.ExceptionInInitializerError
at base.BaseTest.baseSetup(BaseTest.java:21)
at java.base/java.util.ArrayList.forEach(ArrayList.java:1604)
Caused by: java.lang.RuntimeException: config.properties not found in src/test/resources/
at config.ConfigManager.<clinit>(ConfigManager.java:16)
... 29 more
... Removed 27 stack frames]]>
    </failure>
  </testcase> <!-- @BeforeClass baseSetup -->
  <testcase classname="base.BaseTest" name="@BeforeClass baseSetup" time="0.001">
    <failure type="java.lang.NoClassDefFoundError" message="Could not initialize class config.ConfigManager">
      <![CDATA[java.lang.NoClassDefFoundError: Could not initialize class config.ConfigManager
at base.BaseTest.baseSetup(BaseTest.java:21)
at java.base/java.util.ArrayList.forEach(ArrayList.java:1604)
Caused by: java.lang.ExceptionInInitializerError: Exception java.lang.RuntimeException: config.properties not found in src/test/resources/ [in thread "main"]
at config.ConfigManager.<clinit>(ConfigManager.java:16)
... 29 more
... Removed 27 stack frames]]>
    </failure>
  </testcase> <!-- @BeforeClass baseSetup -->
  <testcase classname="tests.PostsApiTest" name="testCreatePost" time="0.0">
    <skipped/>
  </testcase> <!-- testCreatePost -->
  <testcase classname="tests.PostsApiTest" name="testDeletePost" time="0.0">
    <skipped/>
  </testcase> <!-- testDeletePost -->
  <testcase classname="tests.PostsApiTest" name="testGetAllPosts" time="0.0">
    <skipped/>
  </testcase> <!-- testGetAllPosts -->
  <testcase classname="tests.PostsApiTest" name="testGetNonExistentPost" time="0.0">
    <skipped/>
  </testcase> <!-- testGetNonExistentPost -->
  <testcase classname="tests.PostsApiTest" name="testGetSinglePost" time="0.0">
    <skipped/>
  </testcase> <!-- testGetSinglePost -->
  <testcase classname="tests.PostsApiTest" name="testUpdatePostWithPatch" time="0.0">
    <skipped/>
  </testcase> <!-- testUpdatePostWithPatch -->
  <testcase classname="tests.PostsApiTest" name="testUpdatePostWithPut" time="0.0">
    <skipped/>
  </testcase> <!-- testUpdatePostWithPut -->
  <testcase classname="tests.PostsDataDrivenTest" name="testCreateMultiplePosts" time="0.0">
    <skipped/>
  </testcase> <!-- testCreateMultiplePosts -->
  <testcase classname="tests.PostsDataDrivenTest" name="testCreateMultiplePosts" time="0.0">
    <skipped/>
  </testcase> <!-- testCreateMultiplePosts -->
  <testcase classname="tests.PostsDataDrivenTest" name="testCreateMultiplePosts" time="0.0">
    <skipped/>
  </testcase> <!-- testCreateMultiplePosts -->
  <testcase classname="tests.PostsDataDrivenTest" name="testGetPostById" time="0.0">
    <skipped/>
  </testcase> <!-- testGetPostById -->
  <testcase classname="tests.PostsDataDrivenTest" name="testGetPostById" time="0.0">
    <skipped/>
  </testcase> <!-- testGetPostById -->
  <testcase classname="tests.PostsDataDrivenTest" name="testGetPostById" time="0.0">
    <skipped/>
  </testcase> <!-- testGetPostById -->
</testsuite> <!-- Posts API Tests -->
